Running: /opt/Xilinx/14.7/ISE_DS/ISE/bin/lin64/unwrapped/fuse -intstyle ise -incremental -lib unisims_ver -lib unimacro_ver -lib xilinxcorelib_ver -lib secureip -o /home/nguyenquan/Desktop/SPI/SPI_master/tb_spi_isim_beh.exe -prj /home/nguyenquan/Desktop/SPI/SPI_master/tb_spi_beh.prj work.tb_spi work.glbl 
ISim P.20131013 (signature 0xfbc00daa)
Number of CPUs detected in this system: 4
Turning on mult-threading, number of parallel sub-compilation jobs: 8 
Determining compilation order of HDL files
Analyzing Verilog file "/home/nguyenquan/Desktop/SPI/SPI_master/spi_slave.v" into library work
Analyzing Verilog file "/home/nguyenquan/Desktop/SPI/SPI_master/spi_master.v" into library work
Analyzing Verilog file "/home/nguyenquan/Desktop/SPI/SPI_master/spi_test.v" into library work
Analyzing Verilog file "/opt/Xilinx/14.7/ISE_DS/ISE//verilog/src/glbl.v" into library work
Starting static elaboration
Completed static elaboration
Fuse Memory Usage: 82944 KB
Fuse CPU Usage: 480 ms
Compiling module spi_master
Compiling module spi_slave
Compiling module tb_spi
Compiling module glbl
Time Resolution for simulation is 1ps.
Compiled 4 Verilog Units
Built simulation executable /home/nguyenquan/Desktop/SPI/SPI_master/tb_spi_isim_beh.exe
Fuse Memory Usage: 643160 KB
Fuse CPU Usage: 490 ms
GCC CPU Usage: 340 ms
