Release 14.7 - xst P.20131013 (lin64)
Copyright (c) 1995-2013 Xilinx, Inc.  All rights reserved.
--> 
Parameter TMPDIR set to xst/projnav.tmp


Total REAL time to Xst completion: 0.00 secs
Total CPU time to Xst completion: 0.03 secs
 
--> 
Parameter xsthdpdir set to xst


Total REAL time to Xst completion: 0.00 secs
Total CPU time to Xst completion: 0.03 secs
 
--> 
Reading design: spi_master.prj

TABLE OF CONTENTS
  1) Synthesis Options Summary
  2) HDL Parsing
  3) HDL Elaboration
  4) HDL Synthesis
       4.1) HDL Synthesis Report
  5) Advanced HDL Synthesis
       5.1) Advanced HDL Synthesis Report
  6) Low Level Synthesis
  7) Partition Report
  8) Design Summary
       8.1) Primitive and Black Box Usage
       8.2) Device utilization summary
       8.3) Partition Resource Summary
       8.4) Timing Report
            8.4.1) Clock Information
            8.4.2) Asynchronous Control Signals Information
            8.4.3) Timing Summary
            8.4.4) Timing Details
            8.4.5) Cross Clock Domains Report


=========================================================================
*                      Synthesis Options Summary                        *
=========================================================================
---- Source Parameters
Input File Name                    : "spi_master.prj"
Ignore Synthesis Constraint File   : NO

---- Target Parameters
Output File Name                   : "spi_master"
Output Format                      : NGC
Target Device                      : xc7a100t-3-csg324

---- Source Options
Top Module Name                    : spi_master
Automatic FSM Extraction           : YES
FSM Encoding Algorithm             : Auto
Safe Implementation                : No
FSM Style                          : LUT
RAM Extraction                     : Yes
RAM Style                          : Auto
ROM Extraction                     : Yes
Shift Register Extraction          : YES
ROM Style                          : Auto
Resource Sharing                   : YES
Asynchronous To Synchronous        : NO
Shift Register Minimum Size        : 2
Use DSP Block                      : Auto
Automatic Register Balancing       : No

---- Target Options
LUT Combining                      : Auto
Reduce Control Sets                : Auto
Add IO Buffers                     : YES
Global Maximum Fanout              : 100000
Add Generic Clock Buffer(BUFG)     : 32
Register Duplication               : YES
Optimize Instantiated Primitives   : NO
Use Clock Enable                   : Auto
Use Synchronous Set                : Auto
Use Synchronous Reset              : Auto
Pack IO Registers into IOBs        : Auto
Equivalent register Removal        : YES

---- General Options
Optimization Goal                  : Speed
Optimization Effort                : 1
Power Reduction                    : NO
Keep Hierarchy                     : No
Netlist Hierarchy                  : As_Optimized
RTL Output                         : Yes
Global Optimization                : AllClockNets
Read Cores                         : YES
Write Timing Constraints           : NO
Cross Clock Analysis               : NO
Hierarchy Separator                : /
Bus Delimiter                      : <>
Case Specifier                     : Maintain
Slice Utilization Ratio            : 100
BRAM Utilization Ratio             : 100
DSP48 Utilization Ratio            : 100
Auto BRAM Packing                  : NO
Slice Utilization Ratio Delta      : 5

=========================================================================


=========================================================================
*                          HDL Parsing                                  *
=========================================================================
Analyzing Verilog file "/home/nguyenquan/Desktop/SPI/SPI_master/spi_master.v" into library work
Parsing module <spi_master>.

=========================================================================
*                            HDL Elaboration                            *
=========================================================================

Elaborating module <spi_master>.
WARNING:HDLCompiler:413 - "/home/nguyenquan/Desktop/SPI/SPI_master/spi_master.v" Line 81: Result of 32-bit expression is truncated to fit in 3-bit target.

=========================================================================
*                           HDL Synthesis                               *
=========================================================================

Synthesizing Unit <spi_master>.
    Related source file is "/home/nguyenquan/Desktop/SPI/SPI_master/spi_master.v".
    Found 1-bit register for signal <cs>.
    Found 3-bit register for signal <bit_cnt>.
    Found 2-bit register for signal <state>.
    Found 1-bit register for signal <sclk>.
    Found 1-bit register for signal <mosi>.
    Found 1-bit register for signal <busy>.
    Found 8-bit register for signal <data_out>.
    Found 1-bit register for signal <shift_reg_rx<7>>.
    Found 1-bit register for signal <shift_reg_rx<6>>.
    Found 1-bit register for signal <shift_reg_rx<5>>.
    Found 1-bit register for signal <shift_reg_rx<4>>.
    Found 1-bit register for signal <shift_reg_rx<3>>.
    Found 1-bit register for signal <shift_reg_rx<2>>.
    Found 1-bit register for signal <shift_reg_rx<1>>.
    Found 1-bit register for signal <shift_reg_rx<0>>.
    Found 8-bit register for signal <shift_reg_tx>.
    Found finite state machine <FSM_0> for signal <state>.
    -----------------------------------------------------------------------
    | States             | 4                                              |
    | Transitions        | 7                                              |
    | Inputs             | 3                                              |
    | Outputs            | 4                                              |
    | Clock              | clk (rising_edge)                              |
    | Reset              | rst (positive)                                 |
    | Reset type         | asynchronous                                   |
    | Reset State        | 00                                             |
    | Encoding           | auto                                           |
    | Implementation     | LUT                                            |
    -----------------------------------------------------------------------
    Found 3-bit subtractor for signal <GND_1_o_GND_1_o_sub_6_OUT<2:0>> created at line 81.
    Found 1-bit 8-to-1 multiplexer for signal <bit_cnt[2]_shift_reg_tx[7]_Mux_2_o> created at line 74.
    Summary:
	inferred   1 Adder/Subtractor(s).
	inferred  31 D-type flip-flop(s).
	inferred  11 Multiplexer(s).
	inferred   1 Finite State Machine(s).
Unit <spi_master> synthesized.

=========================================================================
HDL Synthesis Report

Macro Statistics
# Adders/Subtractors                                   : 1
 3-bit subtractor                                      : 1
# Registers                                            : 15
 1-bit register                                        : 12
 3-bit register                                        : 1
 8-bit register                                        : 2
# Multiplexers                                         : 11
 1-bit 2-to-1 multiplexer                              : 9
 1-bit 8-to-1 multiplexer                              : 1
 3-bit 2-to-1 multiplexer                              : 1
# FSMs                                                 : 1

=========================================================================

=========================================================================
*                       Advanced HDL Synthesis                          *
=========================================================================


Synthesizing (advanced) Unit <spi_master>.
The following registers are absorbed into counter <bit_cnt>: 1 register on signal <bit_cnt>.
Unit <spi_master> synthesized (advanced).

=========================================================================
Advanced HDL Synthesis Report

Macro Statistics
# Counters                                             : 1
 3-bit down counter                                    : 1
# Registers                                            : 28
 Flip-Flops                                            : 28
# Multiplexers                                         : 10
 1-bit 2-to-1 multiplexer                              : 9
 1-bit 8-to-1 multiplexer                              : 1
# FSMs                                                 : 1

=========================================================================

=========================================================================
*                         Low Level Synthesis                           *
=========================================================================
Analyzing FSM <MFsm> for best encoding.
Optimizing FSM <FSM_0> on signal <state[1:2]> with user encoding.
-------------------
 State | Encoding
-------------------
 00    | 00
 01    | 01
 10    | 10
 11    | 11
-------------------

Optimizing unit <spi_master> ...
INFO:Xst:3203 - The FF/Latch <state_FSM_FFd1> in Unit <spi_master> is the opposite to the following FF/Latch, which will be removed : <cs> 

Mapping all equations...
Building and optimizing final netlist ...
Found area constraint ratio of 100 (+ 5) on block spi_master, actual ratio is 0.

Final Macro Processing ...

=========================================================================
Final Register Report

Macro Statistics
# Registers                                            : 32
 Flip-Flops                                            : 32

=========================================================================

=========================================================================
*                           Partition Report                            *
=========================================================================

Partition Implementation Status
-------------------------------

  No Partitions were found in this design.

-------------------------------

=========================================================================
*                            Design Summary                             *
=========================================================================

Top Level Output File Name         : spi_master.ngc

Primitive and Black Box Usage:
------------------------------
# BELS                             : 35
#      INV                         : 2
#      LUT2                        : 4
#      LUT3                        : 6
#      LUT4                        : 10
#      LUT5                        : 9
#      LUT6                        : 4
# FlipFlops/Latches                : 32
#      FDC                         : 5
#      FDCE                        : 3
#      FDE                         : 24
# Clock Buffers                    : 1
#      BUFGP                       : 1
# IO Buffers                       : 23
#      IBUF                        : 11
#      OBUF                        : 12

Device utilization summary:
---------------------------

Selected Device : 7a100tcsg324-3 


Slice Logic Utilization: 
 Number of Slice Registers:              32  out of  126800     0%  
 Number of Slice LUTs:                   35  out of  63400     0%  
    Number used as Logic:                35  out of  63400     0%  

Slice Logic Distribution: 
 Number of LUT Flip Flop pairs used:     48
   Number with an unused Flip Flop:      16  out of     48    33%  
   Number with an unused LUT:            13  out of     48    27%  
   Number of fully used LUT-FF pairs:    19  out of     48    39%  
   Number of unique control sets:        12

IO Utilization: 
 Number of IOs:                          24
 Number of bonded IOBs:                  24  out of    210    11%  

Specific Feature Utilization:
 Number of BUFG/BUFGCTRLs:                1  out of     32     3%  

---------------------------
Partition Resource Summary:
---------------------------

  No Partitions were found in this design.

---------------------------


=========================================================================
Timing Report

NOTE: THESE TIMING NUMBERS ARE ONLY A SYNTHESIS ESTIMATE.
      FOR ACCURATE TIMING INFORMATION PLEASE REFER TO THE TRACE REPORT
      GENERATED AFTER PLACE-and-ROUTE.

Clock Information:
------------------
-----------------------------------+------------------------+-------+
Clock Signal                       | Clock buffer(FF name)  | Load  |
-----------------------------------+------------------------+-------+
clk                                | BUFGP                  | 32    |
-----------------------------------+------------------------+-------+

Asynchronous Control Signals Information:
----------------------------------------
No asynchronous control signals found in this design

Timing Summary:
---------------
Speed Grade: -3

   Minimum period: 1.791ns (Maximum Frequency: 558.285MHz)
   Minimum input arrival time before clock: 1.575ns
   Maximum output required time after clock: 1.097ns
   Maximum combinational path delay: No path found

Timing Details:
---------------
All values displayed in nanoseconds (ns)

=========================================================================
Timing constraint: Default period analysis for Clock 'clk'
  Clock period: 1.791ns (frequency: 558.285MHz)
  Total number of paths / destination ports: 178 / 59
-------------------------------------------------------------------------
Delay:               1.791ns (Levels of Logic = 2)
  Source:            sclk (FF)
  Destination:       shift_reg_rx_5 (FF)
  Source Clock:      clk rising
  Destination Clock: clk rising

  Data Path: sclk to shift_reg_rx_5
                                Gate     Net
    Cell:in->out      fanout   Delay   Delay  Logical Name (Net Name)
    ----------------------------------------  ------------
     FDC:C->Q              6   0.361   0.534  sclk (sclk_OBUF)
     LUT4:I1->O            8   0.097   0.328  _n0191_inv11 (_n0191_inv1)
     LUT5:I4->O            1   0.097   0.279  _n0191_inv1 (_n0191_inv)
     FDE:CE                    0.095          shift_reg_rx_7
    ----------------------------------------
    Total                      1.791ns (0.650ns logic, 1.141ns route)
                                       (36.3% logic, 63.7% route)

=========================================================================
Timing constraint: Default OFFSET IN BEFORE for Clock 'clk'
  Total number of paths / destination ports: 57 / 41
-------------------------------------------------------------------------
Offset:              1.575ns (Levels of Logic = 3)
  Source:            rst (PAD)
  Destination:       shift_reg_rx_5 (FF)
  Destination Clock: clk rising

  Data Path: rst to shift_reg_rx_5
                                Gate     Net
    Cell:in->out      fanout   Delay   Delay  Logical Name (Net Name)
    ----------------------------------------  ------------
     IBUF:I->O            19   0.001   0.595  rst_IBUF (rst_IBUF)
     LUT3:I0->O            8   0.097   0.412  _n0314_inv1 (_n0314_inv)
     LUT5:I3->O            1   0.097   0.279  _n0242_inv1 (_n0242_inv)
     FDE:CE                    0.095          shift_reg_rx_4
    ----------------------------------------
    Total                      1.575ns (0.290ns logic, 1.285ns route)
                                       (18.4% logic, 81.6% route)

=========================================================================
Timing constraint: Default OFFSET OUT AFTER for Clock 'clk'
  Total number of paths / destination ports: 12 / 12
-------------------------------------------------------------------------
Offset:              1.097ns (Levels of Logic = 2)
  Source:            state_FSM_FFd1 (FF)
  Destination:       cs (PAD)
  Source Clock:      clk rising

  Data Path: state_FSM_FFd1 to cs
                                Gate     Net
    Cell:in->out      fanout   Delay   Delay  Logical Name (Net Name)
    ----------------------------------------  ------------
     FDC:C->Q             15   0.361   0.344  state_FSM_FFd1 (state_FSM_FFd1)
     INV:I->O              1   0.113   0.279  state<1>_inv1_INV_0 (cs_OBUF)
     OBUF:I->O                 0.000          cs_OBUF (cs)
    ----------------------------------------
    Total                      1.097ns (0.474ns logic, 0.623ns route)
                                       (43.2% logic, 56.8% route)

=========================================================================

Cross Clock Domains Report:
--------------------------

Clock to Setup on destination clock clk
---------------+---------+---------+---------+---------+
               | Src:Rise| Src:Fall| Src:Rise| Src:Fall|
Source Clock   |Dest:Rise|Dest:Rise|Dest:Fall|Dest:Fall|
---------------+---------+---------+---------+---------+
clk            |    1.791|         |         |         |
---------------+---------+---------+---------+---------+

=========================================================================


Total REAL time to Xst completion: 6.00 secs
Total CPU time to Xst completion: 5.49 secs
 
--> 


Total memory usage is 494596 kilobytes

Number of errors   :    0 (   0 filtered)
Number of warnings :    1 (   0 filtered)
Number of infos    :    1 (   0 filtered)

